[04.05.2017 22:41:04,523] [main] INFO  org.jgap.gp.impl.GPGenotype  - Creating initial population
[04.05.2017 22:41:04,531] [main] INFO  org.jgap.gp.impl.GPGenotype  - Mem free: 92.0 MB
[04.05.2017 22:41:04,551] [main] INFO  org.jgap.gp.impl.GPPopulation  - Prototype program set
[04.05.2017 22:41:04,588] [main] INFO  org.jgap.gp.impl.GPGenotype  - Mem free after creating population: 92.0 MB
[04.05.2017 22:43:21,101] [main] INFO  org.jgap.gp.impl.GPGenotype  - Creating initial population
[04.05.2017 22:43:21,109] [main] INFO  org.jgap.gp.impl.GPGenotype  - Mem free: 92.0 MB
[04.05.2017 22:43:21,121] [main] INFO  org.jgap.gp.impl.GPPopulation  - Prototype program set
[04.05.2017 22:43:21,163] [main] INFO  org.jgap.gp.impl.GPGenotype  - Mem free after creating population: 92.0 MB
[04.05.2017 22:43:21,167] [main] INFO  org.jgap.gp.impl.GPGenotype  - Your configuration does not contain unused commands, this is good
[04.05.2017 22:43:22,100] [main] INFO  org.jgap.gp.impl.GPGenotype  - Best solution fitness: 71.81
[04.05.2017 22:43:22,101] [main] INFO  org.jgap.gp.impl.GPGenotype  - Best solution: ((cosine (((cosine (X * X)) + (X * X)) + X)) + (((cosine ((cosine (X / 7.1892347)) + X)) + ((cosine ((cosine (X / ((X * X) + ((cosine (X + (((X + (((cosine X) + (cosine (X / 7.1892347))) + (cosine (cosine (X + ((cosine (X * (X * X))) + X)))))) + (X * X)) + (X * X)))) + (X * X))))) + X)) + (X * X))) + (X * X))) + (X * X)
[04.05.2017 22:43:22,101] [main] INFO  org.jgap.gp.impl.GPGenotype  - Depth of chrom: 24
[04.05.2017 22:44:28,698] [main] INFO  org.jgap.gp.impl.GPGenotype  - Creating initial population
[04.05.2017 22:44:28,705] [main] INFO  org.jgap.gp.impl.GPGenotype  - Mem free: 92.0 MB
[04.05.2017 22:44:28,718] [main] INFO  org.jgap.gp.impl.GPPopulation  - Prototype program set
[04.05.2017 22:44:28,763] [main] INFO  org.jgap.gp.impl.GPGenotype  - Mem free after creating population: 92.0 MB
[04.05.2017 22:44:28,766] [main] INFO  org.jgap.gp.impl.GPGenotype  - Your configuration does not contain unused commands, this is good
[04.05.2017 22:44:29,601] [main] INFO  org.jgap.gp.impl.GPGenotype  - Best solution fitness: 0.0
[04.05.2017 22:44:29,601] [main] INFO  org.jgap.gp.impl.GPGenotype  - Best solution: (5.9640427 / 5.9640427) + (((X * X) - X) * ((X * X) - X))
[04.05.2017 22:44:29,602] [main] INFO  org.jgap.gp.impl.GPGenotype  - Depth of chrom: 4
[04.05.2017 22:46:57,999] [main] INFO  org.jgap.gp.impl.GPGenotype  - Creating initial population
[04.05.2017 22:46:58,008] [main] INFO  org.jgap.gp.impl.GPGenotype  - Mem free: 92.0 MB
[04.05.2017 22:46:58,020] [main] INFO  org.jgap.gp.impl.GPPopulation  - Prototype program set
[04.05.2017 22:46:58,062] [main] INFO  org.jgap.gp.impl.GPGenotype  - Mem free after creating population: 92.0 MB
[04.05.2017 22:46:58,065] [main] INFO  org.jgap.gp.impl.GPGenotype  - Your configuration does not contain unused commands, this is good
[04.05.2017 22:46:58,836] [main] INFO  org.jgap.gp.impl.GPGenotype  - Best solution fitness: 20.48
[04.05.2017 22:46:58,836] [main] INFO  org.jgap.gp.impl.GPGenotype  - Best solution: ((Exp(X)) - (((((-2.8435206 + -2.8435206) * (Exp(X))) / (((((((0.7303381 * 0.7303381) / (Exp(X))) / (Exp(X))) - X) + ((((cosine 9.005074) - X) + ((4.815008 * 6.8021317) / (Exp(X)))) / (Exp(X)))) - ((Exp(X)) + ((Exp(X)) / (Exp(X))))) - ((X - (Exp(X))) - (Exp(X))))) - X) / ((X - (Exp(X))) - (Exp(X))))) + ((((cosine 9.005074) - X) + ((0.7303381 * 0.7303381) / (Exp(X)))) / (Exp(X)))
[04.05.2017 22:46:58,837] [main] INFO  org.jgap.gp.impl.GPGenotype  - Depth of chrom: 12
[04.05.2017 22:47:15,838] [main] INFO  org.jgap.gp.impl.GPGenotype  - Creating initial population
[04.05.2017 22:47:15,846] [main] INFO  org.jgap.gp.impl.GPGenotype  - Mem free: 92.0 MB
[04.05.2017 22:47:15,859] [main] INFO  org.jgap.gp.impl.GPPopulation  - Prototype program set
[04.05.2017 22:47:15,909] [main] INFO  org.jgap.gp.impl.GPGenotype  - Mem free after creating population: 92.0 MB
[04.05.2017 22:47:15,912] [main] INFO  org.jgap.gp.impl.GPGenotype  - Your configuration does not contain unused commands, this is good
[04.05.2017 22:47:16,500] [main] INFO  org.jgap.gp.impl.GPGenotype  - Best solution fitness: 28.22
[04.05.2017 22:47:16,501] [main] INFO  org.jgap.gp.impl.GPGenotype  - Best solution: (((cosine ((X * X) + ((X * X) * (0.38315248 ^ X)))) + (X * X)) + ((X * X) * (0.38315248 ^ X))) + ((cosine ((cosine (((cosine ((cosine ((0.38315248 ^ X) + (X * X))) + (sine -2.118266))) + (0.38315248 ^ X)) + ((X * X) + (0.38315248 ^ X)))) + (sine -2.118266))) + (X * X))
[04.05.2017 22:47:16,502] [main] INFO  org.jgap.gp.impl.GPGenotype  - Depth of chrom: 12
[04.05.2017 22:47:22,659] [main] INFO  org.jgap.gp.impl.GPGenotype  - Creating initial population
[04.05.2017 22:47:22,671] [main] INFO  org.jgap.gp.impl.GPGenotype  - Mem free: 92.0 MB
[04.05.2017 22:47:22,685] [main] INFO  org.jgap.gp.impl.GPPopulation  - Prototype program set
[04.05.2017 22:47:22,736] [main] INFO  org.jgap.gp.impl.GPGenotype  - Mem free after creating population: 92.0 MB
[04.05.2017 22:47:22,740] [main] INFO  org.jgap.gp.impl.GPGenotype  - Your configuration does not contain unused commands, this is good
[04.05.2017 22:47:23,404] [main] INFO  org.jgap.gp.impl.GPGenotype  - Best solution fitness: 0.0
[04.05.2017 22:47:23,404] [main] INFO  org.jgap.gp.impl.GPGenotype  - Best solution: (X * X) + (((((X - X) * X) + (((X * X) - X) - X)) * (X * X)) + (5.7716208 / 5.7716208))
[04.05.2017 22:47:23,405] [main] INFO  org.jgap.gp.impl.GPGenotype  - Depth of chrom: 7
[04.05.2017 22:52:45,478] [main] INFO  org.jgap.gp.impl.GPGenotype  - Creating initial population
[04.05.2017 22:52:45,486] [main] INFO  org.jgap.gp.impl.GPGenotype  - Mem free: 92.0 MB
[04.05.2017 22:52:45,499] [main] INFO  org.jgap.gp.impl.GPPopulation  - Prototype program set
[04.05.2017 22:52:45,546] [main] INFO  org.jgap.gp.impl.GPGenotype  - Mem free after creating population: 92.0 MB
[04.05.2017 22:52:45,549] [main] INFO  org.jgap.gp.impl.GPGenotype  - Your configuration does not contain unused commands, this is good
[04.05.2017 22:52:46,511] [main] INFO  org.jgap.gp.impl.GPGenotype  - Best solution fitness: 22.16
[04.05.2017 22:52:46,511] [main] INFO  org.jgap.gp.impl.GPGenotype  - Best solution: X * (((X * 3.9172838) - ((((cosine (-0.8773992 - -0.8773992)) - (((cosine (cosine 8.230888)) ^ (X + 5.936824)) * (cosine X))) ^ (((sine (cosine ((cosine -0.8773992) - (((X * 3.9172838) - ((cosine -0.8773992) * ((X * X) + 3.9172838))) + (cosine (X - X)))))) + (cosine X)) / (cosine (cosine X)))) * ((X * X) + 3.9172838))) + (cosine -0.8773992))
[04.05.2017 22:52:46,512] [main] INFO  org.jgap.gp.impl.GPGenotype  - Depth of chrom: 15
[04.05.2017 22:52:55,013] [main] INFO  org.jgap.gp.impl.GPGenotype  - Creating initial population
[04.05.2017 22:52:55,022] [main] INFO  org.jgap.gp.impl.GPGenotype  - Mem free: 92.0 MB
[04.05.2017 22:52:55,034] [main] INFO  org.jgap.gp.impl.GPPopulation  - Prototype program set
[04.05.2017 22:52:55,077] [main] INFO  org.jgap.gp.impl.GPGenotype  - Mem free after creating population: 92.0 MB
[04.05.2017 22:52:55,080] [main] INFO  org.jgap.gp.impl.GPGenotype  - Your configuration does not contain unused commands, this is good
[04.05.2017 22:52:55,534] [main] INFO  org.jgap.gp.impl.GPGenotype  - Best solution fitness: 20.00
[04.05.2017 22:52:55,534] [main] INFO  org.jgap.gp.impl.GPGenotype  - Best solution: ((X * X) - X) * ((X * X) - X)
[04.05.2017 22:52:55,535] [main] INFO  org.jgap.gp.impl.GPGenotype  - Depth of chrom: 3
[04.05.2017 22:53:18,248] [main] INFO  org.jgap.gp.impl.GPGenotype  - Creating initial population
[04.05.2017 22:53:18,259] [main] INFO  org.jgap.gp.impl.GPGenotype  - Mem free: 92.0 MB
[04.05.2017 22:53:18,277] [main] INFO  org.jgap.gp.impl.GPPopulation  - Prototype program set
[04.05.2017 22:53:18,323] [main] INFO  org.jgap.gp.impl.GPGenotype  - Mem free after creating population: 92.0 MB
[04.05.2017 22:53:18,328] [main] INFO  org.jgap.gp.impl.GPGenotype  - Your configuration does not contain unused commands, this is good
[04.05.2017 22:53:19,081] [main] INFO  org.jgap.gp.impl.GPGenotype  - Best solution fitness: 23.55
[04.05.2017 22:53:19,081] [main] INFO  org.jgap.gp.impl.GPGenotype  - Best solution: ((cosine ((cosine ((X * X) ^ 0.029678345)) ^ 0.029678345)) ^ (X - (X * X))) + (X * X)
[04.05.2017 22:53:19,082] [main] INFO  org.jgap.gp.impl.GPGenotype  - Depth of chrom: 7
[04.05.2017 22:53:22,950] [main] INFO  org.jgap.gp.impl.GPGenotype  - Creating initial population
[04.05.2017 22:53:22,960] [main] INFO  org.jgap.gp.impl.GPGenotype  - Mem free: 92.0 MB
[04.05.2017 22:53:22,972] [main] INFO  org.jgap.gp.impl.GPPopulation  - Prototype program set
[04.05.2017 22:53:23,010] [main] INFO  org.jgap.gp.impl.GPGenotype  - Mem free after creating population: 92.0 MB
[04.05.2017 22:53:23,014] [main] INFO  org.jgap.gp.impl.GPGenotype  - Your configuration does not contain unused commands, this is good
[04.05.2017 22:53:24,164] [main] INFO  org.jgap.gp.impl.GPGenotype  - Best solution fitness: 72.29
[04.05.2017 22:53:24,164] [main] INFO  org.jgap.gp.impl.GPGenotype  - Best solution: (((-7.978755 - X) / (sine -7.978755)) ^ (X / ((cosine (sine ((((sine (cosine ((-7.978755 - X) / ((-7.978755 - X) + (cosine ((cosine (sine (-5.033411 - (-7.978755 - X)))) + X)))))) * 5.4652605) ^ (cosine (sine (cosine (((-7.978755 - X) + (cosine ((sine (0.62053204 - X)) + X))) / X))))) ^ ((X + -7.978755) / ((cosine (sine (cosine ((-5.033411 - X) / ((-7.978755 - X) + (cosine (X + X))))))) + X))))) + X))) ^ ((((X + X) / (cosine 9.433949)) + X) * (cosine (sine (X - (sine (-5.033411 - X))))))
[04.05.2017 22:53:24,165] [main] INFO  org.jgap.gp.impl.GPGenotype  - Depth of chrom: 19
[04.05.2017 22:53:27,917] [main] INFO  org.jgap.gp.impl.GPGenotype  - Creating initial population
[04.05.2017 22:53:27,926] [main] INFO  org.jgap.gp.impl.GPGenotype  - Mem free: 92.0 MB
[04.05.2017 22:53:27,938] [main] INFO  org.jgap.gp.impl.GPPopulation  - Prototype program set
[04.05.2017 22:53:27,981] [main] INFO  org.jgap.gp.impl.GPGenotype  - Mem free after creating population: 92.0 MB
[04.05.2017 22:53:27,986] [main] INFO  org.jgap.gp.impl.GPGenotype  - Your configuration does not contain unused commands, this is good
[04.05.2017 22:53:28,716] [main] INFO  org.jgap.gp.impl.GPGenotype  - Best solution fitness: 41.69
[04.05.2017 22:53:28,717] [main] INFO  org.jgap.gp.impl.GPGenotype  - Best solution: ((X * X) + ((((sine (((cosine ((cosine 1.5415201) * X)) - X) * X)) + (((X * X) - X) - X)) - X) + (X * X))) + ((X / ((1.5415201 * X) + ((((X * X) - X) + (((X * X) + (((((X * X) - X) - X) - X) + ((X + (5.202507 * (cosine (X + 8.19173)))) / ((X * X) - X)))) + X)) - X))) + ((X * X) - X))
[04.05.2017 22:53:28,717] [main] INFO  org.jgap.gp.impl.GPGenotype  - Depth of chrom: 14
[04.05.2017 22:53:50,816] [main] INFO  org.jgap.gp.impl.GPGenotype  - Creating initial population
[04.05.2017 22:53:50,824] [main] INFO  org.jgap.gp.impl.GPGenotype  - Mem free: 92.0 MB
[04.05.2017 22:53:50,836] [main] INFO  org.jgap.gp.impl.GPPopulation  - Prototype program set
[04.05.2017 22:53:50,940] [main] INFO  org.jgap.gp.impl.GPGenotype  - Mem free after creating population: 92.0 MB
[04.05.2017 22:53:50,945] [main] INFO  org.jgap.gp.impl.GPGenotype  - Your configuration does not contain unused commands, this is good
[04.05.2017 22:55:01,477] [main] INFO  org.jgap.gp.impl.GPGenotype  - Best solution fitness: 10.89
[04.05.2017 22:55:01,477] [main] INFO  org.jgap.gp.impl.GPGenotype  - Best solution: ((X * X) + ((cosine ((X * X) + (cosine X))) - (cosine (cosine X)))) + (((X * X) + (cosine ((((sine X) + (X * X)) + ((cosine X) - (cosine (((X * X) + (cosine (X - X))) - (X - ((((X * X) / (6.365502 ^ X)) + (X * X)) - X)))))) - (cosine (cosine (X * (sine X))))))) - (X - (((((sine X) + (X * X)) / (2.6856804 ^ X)) + (X * X)) - X)))
[04.05.2017 22:55:01,478] [main] INFO  org.jgap.gp.impl.GPGenotype  - Depth of chrom: 14
[07.05.2017 14:38:54,445] [main] INFO  org.jgap.gp.impl.GPGenotype  - Creating initial population
[07.05.2017 14:38:54,451] [main] INFO  org.jgap.gp.impl.GPGenotype  - Mem free: 119.0 MB
[07.05.2017 14:38:54,462] [main] INFO  org.jgap.gp.impl.GPPopulation  - Prototype program set
[07.05.2017 14:38:54,522] [main] INFO  org.jgap.gp.impl.GPGenotype  - Mem free after creating population: 119.0 MB
[07.05.2017 14:38:54,525] [main] INFO  org.jgap.gp.impl.GPGenotype  - Your configuration does not contain unused commands, this is good
[07.05.2017 14:42:59,901] [main] INFO  org.jgap.gp.impl.GPGenotype  - Creating initial population
[07.05.2017 14:42:59,905] [main] INFO  org.jgap.gp.impl.GPGenotype  - Mem free: 119.0 MB
[07.05.2017 14:42:59,912] [main] INFO  org.jgap.gp.impl.GPPopulation  - Prototype program set
[07.05.2017 14:42:59,973] [main] INFO  org.jgap.gp.impl.GPGenotype  - Mem free after creating population: 119.0 MB
[07.05.2017 14:42:59,975] [main] INFO  org.jgap.gp.impl.GPGenotype  - Your configuration does not contain unused commands, this is good
[07.05.2017 14:43:23,582] [main] INFO  org.jgap.gp.impl.GPGenotype  - Best solution fitness: 5.0
[07.05.2017 14:43:23,582] [main] INFO  org.jgap.gp.impl.GPGenotype  - Best solution: (((X - (X * X)) * X) + (cosine (X - X))) - (((X - (X * X)) * X) * X)
[07.05.2017 14:43:23,582] [main] INFO  org.jgap.gp.impl.GPGenotype  - Depth of chrom: 5
[07.05.2017 14:49:56,460] [main] INFO  org.jgap.gp.impl.GPGenotype  - Creating initial population
[07.05.2017 14:49:56,464] [main] INFO  org.jgap.gp.impl.GPGenotype  - Mem free: 119.0 MB
[07.05.2017 14:49:56,472] [main] INFO  org.jgap.gp.impl.GPPopulation  - Prototype program set
[07.05.2017 14:49:56,534] [main] INFO  org.jgap.gp.impl.GPGenotype  - Mem free after creating population: 119.0 MB
[07.05.2017 14:49:56,539] [main] INFO  org.jgap.gp.impl.GPGenotype  - Your configuration does not contain unused commands, this is good
[07.05.2017 14:50:29,262] [main] INFO  org.jgap.gp.impl.GPGenotype  - Best solution fitness: 6.0
[07.05.2017 14:50:29,263] [main] INFO  org.jgap.gp.impl.GPGenotype  - Best solution: ((cosine (X - X)) + (X + ((X * X) - X))) - (((X * X) - (X * ((X * X) - X))) * X)
[07.05.2017 14:50:29,263] [main] INFO  org.jgap.gp.impl.GPGenotype  - Depth of chrom: 6
[07.05.2017 14:51:48,857] [main] INFO  org.jgap.gp.impl.GPGenotype  - Creating initial population
[07.05.2017 14:51:48,864] [main] INFO  org.jgap.gp.impl.GPGenotype  - Mem free: 119.0 MB
[07.05.2017 14:51:48,878] [main] INFO  org.jgap.gp.impl.GPPopulation  - Prototype program set
[07.05.2017 14:51:48,958] [main] INFO  org.jgap.gp.impl.GPGenotype  - Mem free after creating population: 119.0 MB
[07.05.2017 14:51:48,961] [main] INFO  org.jgap.gp.impl.GPGenotype  - Your configuration does not contain unused commands, this is good
[07.05.2017 14:52:48,150] [main] INFO  org.jgap.gp.impl.GPGenotype  - Best solution fitness: 4042023.0
[07.05.2017 14:52:48,151] [main] INFO  org.jgap.gp.impl.GPGenotype  - Best solution: ((cosine (X - X)) - (sine (sine X))) * ((cosine (X - X)) * (((X * X) * (((X * X) + (cosine (X - (sine (X - (cosine (X - (cosine (X - (X - (cosine (X - (sine (sine (X - (cosine (X - (sine X)))))))))))))))))) + (cosine ((X - (cosine (X - (cosine (cosine (X - (sine X))))))) - (sine (X - (cosine (X - (sine (X - (cosine (cosine ((cosine (cosine (X - (sine X)))) * ((X * X) + (cosine (X - X)))))))))))))))) + (cosine (X - (cosine (cosine ((sine X) * (sine X))))))))
[07.05.2017 14:52:48,151] [main] INFO  org.jgap.gp.impl.GPGenotype  - Depth of chrom: 23
[07.05.2017 14:53:16,974] [main] INFO  org.jgap.gp.impl.GPGenotype  - Creating initial population
[07.05.2017 14:53:16,977] [main] INFO  org.jgap.gp.impl.GPGenotype  - Mem free: 119.0 MB
[07.05.2017 14:53:16,982] [main] INFO  org.jgap.gp.impl.GPPopulation  - Prototype program set
[07.05.2017 14:53:17,025] [main] INFO  org.jgap.gp.impl.GPGenotype  - Mem free after creating population: 119.0 MB
[07.05.2017 14:53:17,027] [main] INFO  org.jgap.gp.impl.GPGenotype  - Your configuration does not contain unused commands, this is good
[07.05.2017 14:53:30,807] [main] INFO  org.jgap.gp.impl.GPGenotype  - Creating initial population
[07.05.2017 14:53:30,810] [main] INFO  org.jgap.gp.impl.GPGenotype  - Mem free: 119.0 MB
[07.05.2017 14:53:30,815] [main] INFO  org.jgap.gp.impl.GPPopulation  - Prototype program set
[07.05.2017 14:53:30,835] [main] INFO  org.jgap.gp.impl.GPGenotype  - Mem free after creating population: 119.0 MB
[07.05.2017 14:53:30,837] [main] INFO  org.jgap.gp.impl.GPGenotype  - Your configuration does not contain unused commands, this is good
[07.05.2017 14:53:31,176] [main] INFO  org.jgap.gp.impl.GPGenotype  - Best solution fitness: 7.0
[07.05.2017 14:53:31,177] [main] INFO  org.jgap.gp.impl.GPGenotype  - Best solution: (X * (X * ((X + X) - (X + X)))) - ((((X * X) - (X + X)) - (((X * X) - (X + X)) + X)) - ((X * (X * ((X * X) - (X + X)))) + ((((X - X) ^ (X - X)) - X) - ((X - X) - (X * X)))))
[07.05.2017 14:53:31,177] [main] INFO  org.jgap.gp.impl.GPGenotype  - Depth of chrom: 7
[07.05.2017 14:55:25,807] [main] INFO  org.jgap.gp.impl.GPGenotype  - Creating initial population
[07.05.2017 14:55:25,811] [main] INFO  org.jgap.gp.impl.GPGenotype  - Mem free: 119.0 MB
[07.05.2017 14:55:25,816] [main] INFO  org.jgap.gp.impl.GPPopulation  - Prototype program set
[07.05.2017 14:55:25,843] [main] INFO  org.jgap.gp.impl.GPGenotype  - Mem free after creating population: 119.0 MB
[07.05.2017 14:55:25,845] [main] INFO  org.jgap.gp.impl.GPGenotype  - Your configuration does not contain unused commands, this is good
[07.05.2017 14:55:26,106] [main] INFO  org.jgap.gp.impl.GPGenotype  - Best solution fitness: 4.9492003E7
[07.05.2017 14:55:26,106] [main] INFO  org.jgap.gp.impl.GPGenotype  - Best solution: ((X + X) * (X + X)) - ((X + X) + (X + X))
[07.05.2017 14:55:26,106] [main] INFO  org.jgap.gp.impl.GPGenotype  - Depth of chrom: 3
[07.05.2017 14:55:43,099] [main] INFO  org.jgap.gp.impl.GPGenotype  - Creating initial population
[07.05.2017 14:55:43,102] [main] INFO  org.jgap.gp.impl.GPGenotype  - Mem free: 119.0 MB
[07.05.2017 14:55:43,106] [main] INFO  org.jgap.gp.impl.GPPopulation  - Prototype program set
[07.05.2017 14:55:43,135] [main] INFO  org.jgap.gp.impl.GPGenotype  - Mem free after creating population: 119.0 MB
[07.05.2017 14:55:43,136] [main] INFO  org.jgap.gp.impl.GPGenotype  - Your configuration does not contain unused commands, this is good
[07.05.2017 14:55:43,454] [main] INFO  org.jgap.gp.impl.GPGenotype  - Best solution fitness: 3.826001E7
[07.05.2017 14:55:43,454] [main] INFO  org.jgap.gp.impl.GPGenotype  - Best solution: ((X - X) + (((X * X) - X) + ((X * (X * X)) - X))) + (((X - X) * (X * X)) + ((X + ((((X - X) * ((X * X) ^ X)) + ((((X * X) ^ X) - X) / ((X * X) ^ X))) - X)) - X))
[07.05.2017 14:55:43,454] [main] INFO  org.jgap.gp.impl.GPGenotype  - Depth of chrom: 10
[07.05.2017 14:55:49,872] [main] INFO  org.jgap.gp.impl.GPGenotype  - Creating initial population
[07.05.2017 14:55:49,875] [main] INFO  org.jgap.gp.impl.GPGenotype  - Mem free: 119.0 MB
[07.05.2017 14:55:49,879] [main] INFO  org.jgap.gp.impl.GPPopulation  - Prototype program set
[07.05.2017 14:55:49,897] [main] INFO  org.jgap.gp.impl.GPGenotype  - Mem free after creating population: 119.0 MB
[07.05.2017 14:55:49,899] [main] INFO  org.jgap.gp.impl.GPGenotype  - Your configuration does not contain unused commands, this is good
[07.05.2017 14:55:50,272] [main] INFO  org.jgap.gp.impl.GPGenotype  - Best solution fitness: 3.1166006E7
[07.05.2017 14:55:50,272] [main] INFO  org.jgap.gp.impl.GPGenotype  - Best solution: ((X * X) - X) + ((((X * X) - X) - X) + (((X * X) ^ (X - (X + X))) + (X * X)))
[07.05.2017 14:55:50,272] [main] INFO  org.jgap.gp.impl.GPGenotype  - Depth of chrom: 6
[07.05.2017 14:56:28,597] [main] INFO  org.jgap.gp.impl.GPGenotype  - Creating initial population
[07.05.2017 14:56:28,600] [main] INFO  org.jgap.gp.impl.GPGenotype  - Mem free: 119.0 MB
[07.05.2017 14:56:28,607] [main] INFO  org.jgap.gp.impl.GPPopulation  - Prototype program set
[07.05.2017 14:56:28,625] [main] INFO  org.jgap.gp.impl.GPGenotype  - Mem free after creating population: 119.0 MB
[07.05.2017 14:56:28,627] [main] INFO  org.jgap.gp.impl.GPGenotype  - Your configuration does not contain unused commands, this is good
[07.05.2017 14:56:28,906] [main] INFO  org.jgap.gp.impl.GPGenotype  - Best solution fitness: 2.0410005E7
[07.05.2017 14:56:28,906] [main] INFO  org.jgap.gp.impl.GPGenotype  - Best solution: (((7.7051735 ^ X) / (4.4276075 * 5.2141814)) + (X * X)) + (((1.1583866 ^ (X * X)) ^ 1.1583866) / (4.1416254 ^ X))
[07.05.2017 14:56:28,906] [main] INFO  org.jgap.gp.impl.GPGenotype  - Depth of chrom: 5
[07.05.2017 14:56:42,721] [main] INFO  org.jgap.gp.impl.GPGenotype  - Creating initial population
[07.05.2017 14:56:42,724] [main] INFO  org.jgap.gp.impl.GPGenotype  - Mem free: 119.0 MB
[07.05.2017 14:56:42,728] [main] INFO  org.jgap.gp.impl.GPPopulation  - Prototype program set
[07.05.2017 14:56:42,745] [main] INFO  org.jgap.gp.impl.GPGenotype  - Mem free after creating population: 119.0 MB
[07.05.2017 14:56:42,747] [main] INFO  org.jgap.gp.impl.GPGenotype  - Your configuration does not contain unused commands, this is good
[07.05.2017 14:56:42,994] [main] INFO  org.jgap.gp.impl.GPGenotype  - Best solution fitness: 2.387301E7
[07.05.2017 14:56:42,995] [main] INFO  org.jgap.gp.impl.GPGenotype  - Best solution: ((X / 6.8028135) + ((((X * -4.483674) + ((X / (((X / 6.8028135) * (X * 7.564663)) ^ (X / 7.564663))) * (X * ((X / 6.13274) * (X * 7.564663))))) + 1.1651468) + ((X / 6.13274) * ((X / 6.919841) * (((X * -4.483674) + (X * -4.483674)) + (X / 6.919841)))))) + X
[07.05.2017 14:56:42,995] [main] INFO  org.jgap.gp.impl.GPGenotype  - Depth of chrom: 10
[07.05.2017 14:56:54,388] [main] INFO  org.jgap.gp.impl.GPGenotype  - Creating initial population
[07.05.2017 14:56:54,391] [main] INFO  org.jgap.gp.impl.GPGenotype  - Mem free: 119.0 MB
[07.05.2017 14:56:54,398] [main] INFO  org.jgap.gp.impl.GPPopulation  - Prototype program set
[07.05.2017 14:56:54,422] [main] INFO  org.jgap.gp.impl.GPGenotype  - Mem free after creating population: 119.0 MB
[07.05.2017 14:56:54,424] [main] INFO  org.jgap.gp.impl.GPGenotype  - Your configuration does not contain unused commands, this is good
[07.05.2017 14:56:56,611] [main] INFO  org.jgap.gp.impl.GPGenotype  - Best solution fitness: 1.7999016E7
[07.05.2017 14:56:56,612] [main] INFO  org.jgap.gp.impl.GPGenotype  - Best solution: ((X * X) - (X - ((X * X) - X))) + ((((X - X) - X) + ((X - X) - ((9.776535 / ((5.7517643 ^ 3.3636045) / (((((3.7519567 + X) ^ (((X * X) - X) - X)) - ((((3.7519567 + X) ^ (((X * X) - X) - X)) * (X * X)) - (5.7517643 / ((5.7517643 ^ X) / X)))) - (X * X)) + (X - X)))) + ((X - X) - (X * X))))) + (5.7517643 / ((5.7517643 ^ (X * X)) / X)))
[07.05.2017 14:56:56,612] [main] INFO  org.jgap.gp.impl.GPGenotype  - Depth of chrom: 16
[07.05.2017 14:57:13,516] [main] INFO  org.jgap.gp.impl.GPGenotype  - Creating initial population
[07.05.2017 14:57:13,519] [main] INFO  org.jgap.gp.impl.GPGenotype  - Mem free: 119.0 MB
[07.05.2017 14:57:13,524] [main] INFO  org.jgap.gp.impl.GPPopulation  - Prototype program set
[07.05.2017 14:57:13,546] [main] INFO  org.jgap.gp.impl.GPGenotype  - Mem free after creating population: 119.0 MB
[07.05.2017 14:57:13,548] [main] INFO  org.jgap.gp.impl.GPGenotype  - Your configuration does not contain unused commands, this is good
[07.05.2017 14:57:16,365] [main] INFO  org.jgap.gp.impl.GPGenotype  - Best solution fitness: 1.3230015E7
[07.05.2017 14:57:16,365] [main] INFO  org.jgap.gp.impl.GPGenotype  - Best solution: (X * X) + ((((0.89874756 ^ ((((((X * X) + (X * ((((-8.871607 - X) * (X * X)) + (X * X)) - X))) - (X * X)) - X) - X) + X)) / (5.9823356 ^ (((X * X) - X) + (X * X)))) - X) + (((X * X) - X) + (((((X * X) - X) / 2.7169776) / ((3.51042 + ((((((X * X) + (8.151501 * X)) - (X * X)) - X) - X) / (8.578367 ^ (X * X)))) ^ X)) + X)))
[07.05.2017 14:57:16,366] [main] INFO  org.jgap.gp.impl.GPGenotype  - Depth of chrom: 15
[07.05.2017 14:59:11,492] [main] INFO  org.jgap.gp.impl.GPGenotype  - Creating initial population
[07.05.2017 14:59:11,496] [main] INFO  org.jgap.gp.impl.GPGenotype  - Mem free: 119.0 MB
[07.05.2017 14:59:11,508] [main] INFO  org.jgap.gp.impl.GPPopulation  - Prototype program set
[07.05.2017 14:59:11,533] [main] INFO  org.jgap.gp.impl.GPGenotype  - Mem free after creating population: 119.0 MB
[07.05.2017 14:59:11,537] [main] INFO  org.jgap.gp.impl.GPGenotype  - Your configuration does not contain unused commands, this is good
[07.05.2017 14:59:14,770] [main] INFO  org.jgap.gp.impl.GPGenotype  - Best solution fitness: 1.4745016E7
[07.05.2017 14:59:14,771] [main] INFO  org.jgap.gp.impl.GPGenotype  - Best solution: 7.0 / ((X + 5.0161858) / (7.0 / (((((((X + (X + ((X + ((X * X) + 1.3987792)) + 1.3987792))) + -1.1116707) / X) * ((X + 5.5311294) + 3.5983994)) / (((X * X) / (((X + (X + 5.6405163)) + 5.0161858) / ((X * X) / ((X + 5.0161858) / (((X + X) + 5.0161858) / ((X + 5.0161858) / (((X * X) * (X * X)) + X))))))) + (((X + 5.0161858) + 5.0161858) / (X + 5.0161858)))) + 5.0161858) / ((X * X) + (((X / 6.0) + (X * X)) + (X * X))))))
[07.05.2017 14:59:14,771] [main] INFO  org.jgap.gp.impl.GPGenotype  - Depth of chrom: 16
[07.05.2017 14:59:29,198] [main] INFO  org.jgap.gp.impl.GPGenotype  - Creating initial population
[07.05.2017 14:59:29,203] [main] INFO  org.jgap.gp.impl.GPGenotype  - Mem free: 119.0 MB
[07.05.2017 14:59:29,211] [main] INFO  org.jgap.gp.impl.GPPopulation  - Prototype program set
[07.05.2017 14:59:29,242] [main] INFO  org.jgap.gp.impl.GPGenotype  - Mem free after creating population: 119.0 MB
[07.05.2017 14:59:29,244] [main] INFO  org.jgap.gp.impl.GPGenotype  - Your configuration does not contain unused commands, this is good
[07.05.2017 14:59:32,910] [main] INFO  org.jgap.gp.impl.GPGenotype  - Best solution fitness: 6589024.0
[07.05.2017 14:59:32,911] [main] INFO  org.jgap.gp.impl.GPGenotype  - Best solution: ((((X - X) - X) + X) + (((((((X + X) + (((((X - X) + ((X * X) + (((((((X * X) + (X * X)) - X) - (1.0 + X)) * (((((((8.0 + (X * X)) - X) - (1.0 + X)) * (X * X)) + -1.0) / 5.0) - X)) - X) - X))) + X) - X) / 5.0)) + (X * X)) - X) - X) - X) + (1.0 + X))) - X
[07.05.2017 14:59:32,912] [main] INFO  org.jgap.gp.impl.GPGenotype  - Depth of chrom: 24
[07.05.2017 14:59:59,782] [main] INFO  org.jgap.gp.impl.GPGenotype  - Creating initial population
[07.05.2017 14:59:59,788] [main] INFO  org.jgap.gp.impl.GPGenotype  - Mem free: 119.0 MB
[07.05.2017 14:59:59,796] [main] INFO  org.jgap.gp.impl.GPPopulation  - Prototype program set
[07.05.2017 14:59:59,884] [main] INFO  org.jgap.gp.impl.GPGenotype  - Mem free after creating population: 119.0 MB
[07.05.2017 14:59:59,885] [main] INFO  org.jgap.gp.impl.GPGenotype  - Your configuration does not contain unused commands, this is good
[07.05.2017 15:00:30,324] [main] INFO  org.jgap.gp.impl.GPGenotype  - Best solution fitness: 4.0
[07.05.2017 15:00:30,324] [main] INFO  org.jgap.gp.impl.GPGenotype  - Best solution: (((X * X) - X) * ((X * X) - X)) + ((X * X) ^ ((X * X) * (X - X)))
[07.05.2017 15:00:30,325] [main] INFO  org.jgap.gp.impl.GPGenotype  - Depth of chrom: 4
[07.05.2017 15:04:48,350] [main] INFO  org.jgap.gp.impl.GPGenotype  - Creating initial population
[07.05.2017 15:04:48,354] [main] INFO  org.jgap.gp.impl.GPGenotype  - Mem free: 119.0 MB
[07.05.2017 15:04:48,362] [main] INFO  org.jgap.gp.impl.GPPopulation  - Prototype program set
[07.05.2017 15:04:48,440] [main] INFO  org.jgap.gp.impl.GPGenotype  - Mem free after creating population: 119.0 MB
[07.05.2017 15:04:48,443] [main] INFO  org.jgap.gp.impl.GPGenotype  - Your configuration does not contain unused commands, this is good
[07.05.2017 15:05:17,151] [main] INFO  org.jgap.gp.impl.GPGenotype  - Best solution fitness: 5.0
[07.05.2017 15:05:17,152] [main] INFO  org.jgap.gp.impl.GPGenotype  - Best solution: ((((X * X) - X) * X) * X) + (((X - X) ^ (7.0 - 7.0)) + ((X * X) - ((X * X) * X)))
[07.05.2017 15:05:17,152] [main] INFO  org.jgap.gp.impl.GPGenotype  - Depth of chrom: 5
[07.05.2017 15:05:43,486] [main] INFO  org.jgap.gp.impl.GPGenotype  - Creating initial population
[07.05.2017 15:05:43,489] [main] INFO  org.jgap.gp.impl.GPGenotype  - Mem free: 119.0 MB
[07.05.2017 15:05:43,494] [main] INFO  org.jgap.gp.impl.GPPopulation  - Prototype program set
[07.05.2017 15:05:43,535] [main] INFO  org.jgap.gp.impl.GPGenotype  - Mem free after creating population: 119.0 MB
[07.05.2017 15:05:43,537] [main] INFO  org.jgap.gp.impl.GPGenotype  - Your configuration does not contain unused commands, this is good
[07.05.2017 15:06:08,942] [main] INFO  org.jgap.gp.impl.GPGenotype  - Best solution fitness: 4.0
[07.05.2017 15:06:08,943] [main] INFO  org.jgap.gp.impl.GPGenotype  - Best solution: ((X + X) ^ (-1.0 - -1.0)) + ((X - (X * X)) ^ 2.0)
[07.05.2017 15:06:08,943] [main] INFO  org.jgap.gp.impl.GPGenotype  - Depth of chrom: 4
[07.05.2017 15:06:58,169] [main] INFO  org.jgap.gp.impl.GPGenotype  - Creating initial population
[07.05.2017 15:06:58,172] [main] INFO  org.jgap.gp.impl.GPGenotype  - Mem free: 119.0 MB
[07.05.2017 15:06:58,178] [main] INFO  org.jgap.gp.impl.GPPopulation  - Prototype program set
[07.05.2017 15:06:58,230] [main] INFO  org.jgap.gp.impl.GPGenotype  - Mem free after creating population: 119.0 MB
[07.05.2017 15:06:58,232] [main] INFO  org.jgap.gp.impl.GPGenotype  - Your configuration does not contain unused commands, this is good
[07.05.2017 15:07:00,320] [main] INFO  org.jgap.gp.impl.GPGenotype  - Best solution fitness: 4.0
[07.05.2017 15:07:00,320] [main] INFO  org.jgap.gp.impl.GPGenotype  - Best solution: (10.0 / 10.0) + (((X * X) - X) ^ 2.0)
[07.05.2017 15:07:00,320] [main] INFO  org.jgap.gp.impl.GPGenotype  - Depth of chrom: 4
[07.05.2017 15:07:13,964] [main] INFO  org.jgap.gp.impl.GPGenotype  - Creating initial population
[07.05.2017 15:07:13,968] [main] INFO  org.jgap.gp.impl.GPGenotype  - Mem free: 119.0 MB
[07.05.2017 15:07:13,973] [main] INFO  org.jgap.gp.impl.GPPopulation  - Prototype program set
[07.05.2017 15:07:14,006] [main] INFO  org.jgap.gp.impl.GPGenotype  - Mem free after creating population: 119.0 MB
[07.05.2017 15:07:14,008] [main] INFO  org.jgap.gp.impl.GPGenotype  - Your configuration does not contain unused commands, this is good
[07.05.2017 15:07:15,983] [main] INFO  org.jgap.gp.impl.GPGenotype  - Best solution fitness: 5.0
[07.05.2017 15:07:15,984] [main] INFO  org.jgap.gp.impl.GPGenotype  - Best solution: (X + (X ^ 0.0)) + ((((X * X) - X) ^ 2.0) - X)
[07.05.2017 15:07:15,984] [main] INFO  org.jgap.gp.impl.GPGenotype  - Depth of chrom: 5
[07.05.2017 15:08:03,311] [main] INFO  org.jgap.gp.impl.GPGenotype  - Creating initial population
[07.05.2017 15:08:03,314] [main] INFO  org.jgap.gp.impl.GPGenotype  - Mem free: 119.0 MB
[07.05.2017 15:08:03,318] [main] INFO  org.jgap.gp.impl.GPPopulation  - Prototype program set
[07.05.2017 15:08:03,360] [main] INFO  org.jgap.gp.impl.GPGenotype  - Mem free after creating population: 119.0 MB
[07.05.2017 15:08:03,362] [main] INFO  org.jgap.gp.impl.GPGenotype  - Your configuration does not contain unused commands, this is good
[07.05.2017 15:08:05,531] [main] INFO  org.jgap.gp.impl.GPGenotype  - Best solution fitness: 1617817.0
[07.05.2017 15:08:05,531] [main] INFO  org.jgap.gp.impl.GPGenotype  - Best solution: (((X - X) + ((X * X) / (3.0 ^ X))) + ((((((X * X) + (X * X)) + ((((((((X + X) / ((6.0 ^ X) + (((X + X) - X) + ((X * X) - X)))) - X) + 1.0) - X) - X) + (X * ((X * X) - X))) - X)) + (X - X)) - X) + X)) + X
[07.05.2017 15:08:05,532] [main] INFO  org.jgap.gp.impl.GPGenotype  - Depth of chrom: 17
[07.05.2017 15:08:24,923] [main] INFO  org.jgap.gp.impl.GPGenotype  - Creating initial population
[07.05.2017 15:08:24,926] [main] INFO  org.jgap.gp.impl.GPGenotype  - Mem free: 119.0 MB
[07.05.2017 15:08:24,933] [main] INFO  org.jgap.gp.impl.GPPopulation  - Prototype program set
[07.05.2017 15:08:24,972] [main] INFO  org.jgap.gp.impl.GPGenotype  - Mem free after creating population: 119.0 MB
[07.05.2017 15:08:24,974] [main] INFO  org.jgap.gp.impl.GPGenotype  - Your configuration does not contain unused commands, this is good
[07.05.2017 15:08:27,073] [main] INFO  org.jgap.gp.impl.GPGenotype  - Best solution fitness: 1446109.0
[07.05.2017 15:08:27,073] [main] INFO  org.jgap.gp.impl.GPGenotype  - Best solution: (((X - 1.0) * X) ^ 2.0) + (((((X * X) - X) + ((-4.0 / 8.0) - X)) / (X - ((4.0 + (X * X)) + (((-3.0 + 1.0) + ((X * X) - X)) + (X * X))))) * X)
[07.05.2017 15:08:27,073] [main] INFO  org.jgap.gp.impl.GPGenotype  - Depth of chrom: 9
[07.05.2017 15:08:37,871] [main] INFO  org.jgap.gp.impl.GPGenotype  - Creating initial population
[07.05.2017 15:08:37,874] [main] INFO  org.jgap.gp.impl.GPGenotype  - Mem free: 119.0 MB
[07.05.2017 15:08:37,879] [main] INFO  org.jgap.gp.impl.GPPopulation  - Prototype program set
[07.05.2017 15:08:37,917] [main] INFO  org.jgap.gp.impl.GPGenotype  - Mem free after creating population: 119.0 MB
[07.05.2017 15:08:37,919] [main] INFO  org.jgap.gp.impl.GPGenotype  - Your configuration does not contain unused commands, this is good
[07.05.2017 15:08:39,953] [main] INFO  org.jgap.gp.impl.GPGenotype  - Best solution fitness: 1379213.0
[07.05.2017 15:08:39,953] [main] INFO  org.jgap.gp.impl.GPGenotype  - Best solution: ((((X * X) - X) / 3.0) * ((((X + (X - (X * X))) - X) + ((X + ((((X - (X * X)) / -1.0) - X) + ((((X * X) + (X * X)) + (((X * X) - ((X * X) - X)) + (X * X))) - X))) - X)) - X)) + ((3.0 / 3.0) - X)
[07.05.2017 15:08:39,953] [main] INFO  org.jgap.gp.impl.GPGenotype  - Depth of chrom: 13
[07.05.2017 15:08:42,652] [main] INFO  org.jgap.gp.impl.GPGenotype  - Creating initial population
[07.05.2017 15:08:42,655] [main] INFO  org.jgap.gp.impl.GPGenotype  - Mem free: 119.0 MB
[07.05.2017 15:08:42,660] [main] INFO  org.jgap.gp.impl.GPPopulation  - Prototype program set
[07.05.2017 15:08:42,704] [main] INFO  org.jgap.gp.impl.GPGenotype  - Mem free after creating population: 119.0 MB
[07.05.2017 15:08:42,706] [main] INFO  org.jgap.gp.impl.GPGenotype  - Your configuration does not contain unused commands, this is good
[07.05.2017 15:08:44,984] [main] INFO  org.jgap.gp.impl.GPGenotype  - Best solution fitness: 6.0
[07.05.2017 15:08:44,984] [main] INFO  org.jgap.gp.impl.GPGenotype  - Best solution: (((6.0 / 6.0) - X) + X) + ((X * X) + ((((X * X) - X) * ((X * X) - X)) - ((X * X) - ((X * X) - (X * X)))))
[07.05.2017 15:08:44,984] [main] INFO  org.jgap.gp.impl.GPGenotype  - Depth of chrom: 6
[07.05.2017 15:08:54,399] [main] INFO  org.jgap.gp.impl.GPGenotype  - Creating initial population
[07.05.2017 15:08:54,402] [main] INFO  org.jgap.gp.impl.GPGenotype  - Mem free: 119.0 MB
[07.05.2017 15:08:54,407] [main] INFO  org.jgap.gp.impl.GPPopulation  - Prototype program set
[07.05.2017 15:08:54,448] [main] INFO  org.jgap.gp.impl.GPGenotype  - Mem free after creating population: 119.0 MB
[07.05.2017 15:08:54,450] [main] INFO  org.jgap.gp.impl.GPGenotype  - Your configuration does not contain unused commands, this is good
[07.05.2017 15:08:56,475] [main] INFO  org.jgap.gp.impl.GPGenotype  - Best solution fitness: 2000003.0
[07.05.2017 15:08:56,475] [main] INFO  org.jgap.gp.impl.GPGenotype  - Best solution: ((X * X) - X) * ((X * X) - X)
[07.05.2017 15:08:56,476] [main] INFO  org.jgap.gp.impl.GPGenotype  - Depth of chrom: 3
[07.05.2017 15:09:20,448] [main] INFO  org.jgap.gp.impl.GPGenotype  - Creating initial population
[07.05.2017 15:09:20,451] [main] INFO  org.jgap.gp.impl.GPGenotype  - Mem free: 119.0 MB
[07.05.2017 15:09:20,457] [main] INFO  org.jgap.gp.impl.GPPopulation  - Prototype program set
[07.05.2017 15:09:20,503] [main] INFO  org.jgap.gp.impl.GPGenotype  - Mem free after creating population: 119.0 MB
[07.05.2017 15:09:20,505] [main] INFO  org.jgap.gp.impl.GPGenotype  - Your configuration does not contain unused commands, this is good
[07.05.2017 15:09:22,737] [main] INFO  org.jgap.gp.impl.GPGenotype  - Best solution fitness: 400004.0
[07.05.2017 15:09:22,737] [main] INFO  org.jgap.gp.impl.GPGenotype  - Best solution: (((X * X) - X) ^ 2.0) + (8.0 / 10.0)
[07.05.2017 15:09:22,737] [main] INFO  org.jgap.gp.impl.GPGenotype  - Depth of chrom: 4
[07.05.2017 15:09:42,372] [main] INFO  org.jgap.gp.impl.GPGenotype  - Creating initial population
[07.05.2017 15:09:42,375] [main] INFO  org.jgap.gp.impl.GPGenotype  - Mem free: 119.0 MB
[07.05.2017 15:09:42,380] [main] INFO  org.jgap.gp.impl.GPPopulation  - Prototype program set
[07.05.2017 15:09:42,419] [main] INFO  org.jgap.gp.impl.GPGenotype  - Mem free after creating population: 119.0 MB
[07.05.2017 15:09:42,421] [main] INFO  org.jgap.gp.impl.GPGenotype  - Your configuration does not contain unused commands, this is good
[07.05.2017 15:09:44,418] [main] INFO  org.jgap.gp.impl.GPGenotype  - Best solution fitness: 5.0
[07.05.2017 15:09:44,418] [main] INFO  org.jgap.gp.impl.GPGenotype  - Best solution: ((X * X) - -1.0) + ((X * X) * (((X * X) - X) - X))
[07.05.2017 15:09:44,418] [main] INFO  org.jgap.gp.impl.GPGenotype  - Depth of chrom: 5
[07.05.2017 21:18:29,935] [main] INFO  org.jgap.gp.impl.GPGenotype  - Creating initial population
[07.05.2017 21:18:29,939] [main] INFO  org.jgap.gp.impl.GPGenotype  - Mem free: 119.0 MB
[07.05.2017 21:18:29,943] [main] INFO  org.jgap.gp.impl.GPPopulation  - Prototype program set
[07.05.2017 21:18:29,977] [main] INFO  org.jgap.gp.impl.GPGenotype  - Mem free after creating population: 119.0 MB
[07.05.2017 21:18:29,979] [main] INFO  org.jgap.gp.impl.GPGenotype  - Your configuration does not contain unused commands, this is good
[07.05.2017 21:18:42,834] [main] INFO  org.jgap.gp.impl.GPGenotype  - Best solution fitness: 0.0
[07.05.2017 21:18:42,835] [main] INFO  org.jgap.gp.impl.GPGenotype  - Best solution: ((cosine (9.254526138464188 + -2.0)) + (sine (-2.0 - 9.254526138464188))) - (sine (abs (Exp(1.8545504685022767))))
[07.05.2017 21:18:42,835] [main] INFO  org.jgap.gp.impl.GPGenotype  - Depth of chrom: 4
[07.05.2017 21:22:43,242] [main] INFO  org.jgap.gp.impl.GPGenotype  - Creating initial population
[07.05.2017 21:22:43,246] [main] INFO  org.jgap.gp.impl.GPGenotype  - Mem free: 119.0 MB
[07.05.2017 21:22:43,251] [main] INFO  org.jgap.gp.impl.GPPopulation  - Prototype program set
[07.05.2017 21:22:43,283] [main] INFO  org.jgap.gp.impl.GPGenotype  - Mem free after creating population: 119.0 MB
[07.05.2017 21:22:43,285] [main] INFO  org.jgap.gp.impl.GPGenotype  - Your configuration does not contain unused commands, this is good
[07.05.2017 21:22:52,475] [main] INFO  org.jgap.gp.impl.GPGenotype  - Best solution fitness: 0.0
[07.05.2017 21:22:52,476] [main] INFO  org.jgap.gp.impl.GPGenotype  - Best solution: (Exp((cosine (log (Bare Nuclei + Normal Nucleoli))))) * ((cosine ((cosine Uniformity of Cell Shape) - (-6.320019447891049 - -5.656623513043442))) - (log ((Bare Nuclei / 9.0) - (-5.656623513043442 - Clump Thickness))))
[07.05.2017 21:22:52,476] [main] INFO  org.jgap.gp.impl.GPGenotype  - Depth of chrom: 5
[07.05.2017 21:24:11,162] [main] INFO  org.jgap.gp.impl.GPGenotype  - Creating initial population
[07.05.2017 21:24:11,166] [main] INFO  org.jgap.gp.impl.GPGenotype  - Mem free: 119.0 MB
[07.05.2017 21:24:11,172] [main] INFO  org.jgap.gp.impl.GPPopulation  - Prototype program set
[07.05.2017 21:24:11,211] [main] INFO  org.jgap.gp.impl.GPGenotype  - Mem free after creating population: 119.0 MB
[07.05.2017 21:24:11,213] [main] INFO  org.jgap.gp.impl.GPGenotype  - Your configuration does not contain unused commands, this is good
[07.05.2017 21:26:03,914] [main] INFO  org.jgap.gp.impl.GPGenotype  - Creating initial population
[07.05.2017 21:26:03,918] [main] INFO  org.jgap.gp.impl.GPGenotype  - Mem free: 119.0 MB
[07.05.2017 21:26:03,924] [main] INFO  org.jgap.gp.impl.GPPopulation  - Prototype program set
[07.05.2017 21:26:03,960] [main] INFO  org.jgap.gp.impl.GPGenotype  - Mem free after creating population: 119.0 MB
[07.05.2017 21:26:03,962] [main] INFO  org.jgap.gp.impl.GPGenotype  - Your configuration does not contain unused commands, this is good
[07.05.2017 21:26:38,362] [main] INFO  org.jgap.gp.impl.GPGenotype  - Best solution fitness: 0.96
[07.05.2017 21:26:38,363] [main] INFO  org.jgap.gp.impl.GPGenotype  - Best solution: (abs ((abs (abs ((cosine 8.0) - ((Exp(((Single Epithelial Cell Size / Bare Nuclei) + Bland Chromatin))) ^ ((Uniformity of Cell Shape ^ Uniformity of Cell Size) - (((log 9.583680933502803) + ((cosine Uniformity of Cell Size) + (Clump Thickness + 5.507371316010866))) * (sine (Exp((Exp(Single Epithelial Cell Size))))))))))) - Bare Nuclei)) - (((abs (8.0 - Bare Nuclei)) ^ (Exp((7.0 ^ Single Epithelial Cell Size)))) - (Exp(((Exp(((Single Epithelial Cell Size / Bare Nuclei) + (sine Marginal Adhesion)))) + Bland Chromatin))))
[07.05.2017 21:26:38,363] [main] INFO  org.jgap.gp.impl.GPGenotype  - Depth of chrom: 12
[07.05.2017 21:30:17,977] [main] INFO  org.jgap.gp.impl.GPGenotype  - Creating initial population
[07.05.2017 21:30:17,981] [main] INFO  org.jgap.gp.impl.GPGenotype  - Mem free: 119.0 MB
[07.05.2017 21:30:17,987] [main] INFO  org.jgap.gp.impl.GPPopulation  - Prototype program set
[07.05.2017 21:30:18,016] [main] INFO  org.jgap.gp.impl.GPGenotype  - Mem free after creating population: 119.0 MB
[07.05.2017 21:30:18,018] [main] INFO  org.jgap.gp.impl.GPGenotype  - Your configuration does not contain unused commands, this is good
[07.05.2017 21:30:45,180] [main] INFO  org.jgap.gp.impl.GPGenotype  - Best solution fitness: 0.96
[07.05.2017 21:30:45,181] [main] INFO  org.jgap.gp.impl.GPGenotype  - Best solution: (abs (Bland Chromatin * Uniformity of Cell Shape)) - ((7.389582352881053 / ((9.0 / Normal Nucleoli) ^ (sine 9.850358562712291))) - (((abs Bare Nuclei) - ((7.389582352881053 / (abs (abs ((abs ((cosine (sine 9.886206107382396)) * (cosine Mitoses))) * Clump Thickness)))) - Uniformity of Cell Shape)) + (sine ((abs ((abs Bare Nuclei) - (Bland Chromatin - Uniformity of Cell Shape))) - (cosine Clump Thickness)))))
[07.05.2017 21:30:45,181] [main] INFO  org.jgap.gp.impl.GPGenotype  - Depth of chrom: 13
[07.05.2017 21:58:47,117] [main] INFO  org.jgap.gp.impl.GPGenotype  - Creating initial population
[07.05.2017 21:58:47,121] [main] INFO  org.jgap.gp.impl.GPGenotype  - Mem free: 119.0 MB
[07.05.2017 21:58:47,128] [main] INFO  org.jgap.gp.impl.GPPopulation  - Prototype program set
[07.05.2017 21:58:47,163] [main] INFO  org.jgap.gp.impl.GPGenotype  - Mem free after creating population: 119.0 MB
[07.05.2017 21:58:47,165] [main] INFO  org.jgap.gp.impl.GPGenotype  - Your configuration does not contain unused commands, this is good
[07.05.2017 21:59:18,172] [main] INFO  org.jgap.gp.impl.GPGenotype  - Best solution fitness: 0.97
[07.05.2017 21:59:18,173] [main] INFO  org.jgap.gp.impl.GPGenotype  - Best solution: (Clump Thickness + (((log (abs (((((sine Single Epithelial Cell Size) / (Exp(Bare Nuclei))) - (abs ((((sine Single Epithelial Cell Size) / (Exp(Bare Nuclei))) - (abs (sine ((Bare Nuclei + Uniformity of Cell Size) + (Single Epithelial Cell Size - 9.265956934549312))))) + (cosine Single Epithelial Cell Size)))) + (cosine Single Epithelial Cell Size)) + Normal Nucleoli))) + Bare Nuclei) + (Marginal Adhesion - 8.6450797227034))) - ((((sine Single Epithelial Cell Size) + (Clump Thickness * Uniformity of Cell Shape)) / ((sine (log (log Mitoses))) + (Clump Thickness * Uniformity of Cell Shape))) - ((cosine (abs 9.207251777947846)) ^ Uniformity of Cell Size))
[07.05.2017 21:59:18,173] [main] INFO  org.jgap.gp.impl.GPGenotype  - Depth of chrom: 16
[07.05.2017 22:02:15,919] [main] INFO  org.jgap.gp.impl.GPGenotype  - Creating initial population
[07.05.2017 22:02:15,922] [main] INFO  org.jgap.gp.impl.GPGenotype  - Mem free: 119.0 MB
[07.05.2017 22:02:15,927] [main] INFO  org.jgap.gp.impl.GPPopulation  - Prototype program set
[07.05.2017 22:02:15,954] [main] INFO  org.jgap.gp.impl.GPGenotype  - Mem free after creating population: 119.0 MB
[07.05.2017 22:02:15,956] [main] INFO  org.jgap.gp.impl.GPGenotype  - Your configuration does not contain unused commands, this is good
[07.05.2017 22:02:49,978] [main] INFO  org.jgap.gp.impl.GPGenotype  - Best solution fitness: 0.97
[07.05.2017 22:02:49,979] [main] INFO  org.jgap.gp.impl.GPGenotype  - Best solution: (((Bare Nuclei ^ Marginal Adhesion) * (abs (sine Bland Chromatin))) - (((abs Uniformity of Cell Shape) + (Marginal Adhesion + Single Epithelial Cell Size)) - (((abs Uniformity of Cell Shape) ^ (Single Epithelial Cell Size * Uniformity of Cell Size)) - ((cosine ((Bare Nuclei ^ Marginal Adhesion) * (abs (sine Bland Chromatin)))) + (((Exp((9.0 - Bare Nuclei))) - (cosine ((cosine Uniformity of Cell Shape) - (Exp((9.0 - Bare Nuclei)))))) * (abs (cosine ((Bare Nuclei ^ Marginal Adhesion) * (abs (sine (abs Uniformity of Cell Shape))))))))))) - (Uniformity of Cell Shape / (sine (Single Epithelial Cell Size + ((Bare Nuclei ^ Marginal Adhesion) * (abs (Uniformity of Cell Shape * Bare Nuclei))))))
[07.05.2017 22:02:49,979] [main] INFO  org.jgap.gp.impl.GPGenotype  - Depth of chrom: 12
[07.05.2017 22:03:33,317] [main] INFO  org.jgap.gp.impl.GPGenotype  - Creating initial population
[07.05.2017 22:03:33,320] [main] INFO  org.jgap.gp.impl.GPGenotype  - Mem free: 119.0 MB
[07.05.2017 22:03:33,325] [main] INFO  org.jgap.gp.impl.GPPopulation  - Prototype program set
[07.05.2017 22:03:33,356] [main] INFO  org.jgap.gp.impl.GPGenotype  - Mem free after creating population: 119.0 MB
[07.05.2017 22:03:33,357] [main] INFO  org.jgap.gp.impl.GPGenotype  - Your configuration does not contain unused commands, this is good
[07.05.2017 22:04:04,009] [main] INFO  org.jgap.gp.impl.GPGenotype  - Best solution fitness: 0.97
[07.05.2017 22:04:04,009] [main] INFO  org.jgap.gp.impl.GPGenotype  - Best solution: ((Uniformity of Cell Shape - ((Uniformity of Cell Shape - ((log Bland Chromatin) / (Bare Nuclei + ((((log (abs 8.0)) / (Single Epithelial Cell Size ^ Marginal Adhesion)) + ((abs 8.0) - 7.0)) * (sine (Exp(Uniformity of Cell Size))))))) / Uniformity of Cell Shape)) ^ Bare Nuclei) + ((((((Bare Nuclei + (cosine (cosine Clump Thickness))) / (Bare Nuclei + (Bare Nuclei + 9.224915793501468))) * (sine (9.866303115959784 + Uniformity of Cell Size))) - (9.956754019819828 / Uniformity of Cell Size)) / Mitoses) + (((Bare Nuclei + (abs (log Uniformity of Cell Size))) + (Clump Thickness + (sine (log Uniformity of Cell Size)))) - 7.0))
[07.05.2017 22:04:04,010] [main] INFO  org.jgap.gp.impl.GPGenotype  - Depth of chrom: 12
[07.05.2017 22:06:20,534] [main] INFO  org.jgap.gp.impl.GPGenotype  - Creating initial population
[07.05.2017 22:06:20,537] [main] INFO  org.jgap.gp.impl.GPGenotype  - Mem free: 119.0 MB
[07.05.2017 22:06:20,542] [main] INFO  org.jgap.gp.impl.GPPopulation  - Prototype program set
[07.05.2017 22:06:20,573] [main] INFO  org.jgap.gp.impl.GPGenotype  - Mem free after creating population: 119.0 MB
[07.05.2017 22:06:20,574] [main] INFO  org.jgap.gp.impl.GPGenotype  - Your configuration does not contain unused commands, this is good
[07.05.2017 22:07:02,472] [main] INFO  org.jgap.gp.impl.GPGenotype  - Best solution fitness: 0.96
[07.05.2017 22:07:02,473] [main] INFO  org.jgap.gp.impl.GPGenotype  - Best solution: (cosine ((sine (Exp((sine Single Epithelial Cell Size)))) - (((cosine (sine (cosine ((sine (Exp(Uniformity of Cell Shape))) - (((cosine (cosine Normal Nucleoli)) - ((sine (sine (cosine ((cosine 9.0) / (5.893303499712855 - Marginal Adhesion))))) + ((Uniformity of Cell Shape ^ Clump Thickness) ^ Uniformity of Cell Size))) / (log (Uniformity of Cell Shape * Bland Chromatin))))))) - ((sine (sine (cosine (sine Single Epithelial Cell Size)))) + (log (log Uniformity of Cell Size)))) / Mitoses))) + ((abs Bare Nuclei) - (((8.0 - Uniformity of Cell Shape) + Single Epithelial Cell Size) / Single Epithelial Cell Size))
[07.05.2017 22:07:02,473] [main] INFO  org.jgap.gp.impl.GPGenotype  - Depth of chrom: 17
